<S-error>
<S-msg>
     
     test
</S-msg>
<S-trace>
[24-05 17:05][DEBUG][NOTICE] at C:\xampp\htdocs\fd\resources\php\CORE.php(9)
[24-05 17:05][DEBUG][NOTICE] at C:\xampp\htdocs\fd\resources\php\userdata\userdata.php(3)
[24-05 17:05][DEBUG][NOTICE] at C:\xampp\htdocs\fd\resources\php\userdata\userdataAccess.php(2)
</S-trace>
</S-error>
<S-error>
<S-msg>
     
     test
</S-msg>
<S-trace>
[24-05 17:05][DEBUG][NOTICE] at C:\xampp\htdocs\fd\resources\php\CORE.php(9)
[24-05 17:05][DEBUG][NOTICE] at C:\xampp\htdocs\fd\resources\php\userdata\login\login.php(7)
[24-05 17:05][DEBUG][NOTICE] at C:\xampp\htdocs\fd\resources\php\userdata\login\loginAccess.php(2)
</S-trace>
</S-error>
<S-error>
<S-msg>
     
     test
</S-msg>
<S-trace>
[24-05 17:05][DEBUG][NOTICE] at C:\xampp\htdocs\fd\resources\php\CORE.php(9)
[24-05 17:05][DEBUG][NOTICE] at C:\xampp\htdocs\fd\resources\php\userdata\userdata.php(3)
[24-05 17:05][DEBUG][NOTICE] at C:\xampp\htdocs\fd\resources\php\userdata\userdataAccess.php(2)
</S-trace>
</S-error>
<S-error>
<S-msg>
     
     test
</S-msg>
<S-trace>
[24-05 17:05][DEBUG][NOTICE] at C:\xampp\htdocs\fd\resources\php\CORE.php(9)
[24-05 17:05][DEBUG][NOTICE] at C:\xampp\htdocs\fd\resources\php\userdata\login\login.php(7)
[24-05 17:05][DEBUG][NOTICE] at C:\xampp\htdocs\fd\resources\php\userdata\login\loginAccess.php(2)
</S-trace>
</S-error>
<S-error>
<S-msg>
     
     test
</S-msg>
<S-trace>
[24-05 17:05][DEBUG][NOTICE] at C:\xampp\htdocs\fd\resources\php\CORE.php(9)
[24-05 17:05][DEBUG][NOTICE] at C:\xampp\htdocs\fd\resources\php\userdata\userdata.php(3)
[24-05 17:05][DEBUG][NOTICE] at C:\xampp\htdocs\fd\resources\php\userdata\userdataAccess.php(2)
</S-trace>
</S-error>
<S-error>
<S-msg>
     
     test
</S-msg>
<S-trace>
[24-05 17:05][DEBUG][NOTICE] at C:\xampp\htdocs\fd\resources\php\CORE.php(9)
[24-05 17:05][DEBUG][NOTICE] at C:\xampp\htdocs\fd\resources\php\userdata\login\login.php(7)
[24-05 17:05][DEBUG][NOTICE] at C:\xampp\htdocs\fd\resources\php\userdata\login\loginAccess.php(2)
</S-trace>
</S-error>
<S-error>
<S-msg>
     
     test
</S-msg>
<S-trace>
[24-05 17:05][DEBUG][NOTICE] at C:\xampp\htdocs\fd\resources\php\CORE.php(9)
[24-05 17:05][DEBUG][NOTICE] at C:\xampp\htdocs\fd\resources\php\userdata\userdata.php(3)
[24-05 17:05][DEBUG][NOTICE] at C:\xampp\htdocs\fd\resources\php\userdata\userdataAccess.php(2)
</S-trace>
</S-error>
<S-error>
<S-msg>
     
     test
</S-msg>
<S-trace>
[24-05 17:05][DEBUG][NOTICE] at C:\xampp\htdocs\fd\resources\php\CORE.php(9)
[24-05 17:05][DEBUG][NOTICE] at C:\xampp\htdocs\fd\resources\php\userdata\login\login.php(7)
[24-05 17:05][DEBUG][NOTICE] at C:\xampp\htdocs\fd\resources\php\userdata\login\loginAccess.php(2)
</S-trace>
</S-error>
<S-error>
<S-msg>
     
     test
</S-msg>
<S-trace>
[24-05 17:05][DEBUG][NOTICE] at C:\xampp\htdocs\fd\resources\php\CORE.php(9)
[24-05 17:05][DEBUG][NOTICE] at C:\xampp\htdocs\fd\resources\php\userdata\userdata.php(3)
[24-05 17:05][DEBUG][NOTICE] at C:\xampp\htdocs\fd\resources\php\userdata\userdataAccess.php(2)
</S-trace>
</S-error>
<S-error>
<S-msg>
     
     test
</S-msg>
<S-trace>
[24-05 17:05][DEBUG][NOTICE] at C:\xampp\htdocs\fd\resources\php\CORE.php(9)
[24-05 17:05][DEBUG][NOTICE] at C:\xampp\htdocs\fd\resources\php\userdata\login\login.php(7)
[24-05 17:05][DEBUG][NOTICE] at C:\xampp\htdocs\fd\resources\php\userdata\login\loginAccess.php(2)
</S-trace>
</S-error>
<S-error>
<S-msg>
     
     test
</S-msg>
<S-trace>
[24-05 17:09][DEBUG][NOTICE] at C:\xampp\htdocs\fd\resources\php\CORE.php(9)
[24-05 17:09][DEBUG][NOTICE] at C:\xampp\htdocs\fd\resources\php\userdata\userdata.php(3)
[24-05 17:09][DEBUG][NOTICE] at C:\xampp\htdocs\fd\resources\php\userdata\userdataAccess.php(2)
</S-trace>
</S-error>
<S-error>
<S-msg>
     
     test
</S-msg>
<S-trace>
[24-05 17:09][DEBUG][NOTICE] at C:\xampp\htdocs\fd\resources\php\CORE.php(9)
[24-05 17:09][DEBUG][NOTICE] at C:\xampp\htdocs\fd\resources\php\userdata\login\login.php(7)
[24-05 17:09][DEBUG][NOTICE] at C:\xampp\htdocs\fd\resources\php\userdata\login\loginAccess.php(2)
</S-trace>
</S-error>
<S-error>
<S-msg>
     
     test
</S-msg>
<S-trace>
[24-05 17:09][DEBUG][NOTICE] at C:\xampp\htdocs\fd\resources\php\CORE.php(9)
[24-05 17:09][DEBUG][NOTICE] at C:\xampp\htdocs\fd\resources\php\userdata\userdata.php(3)
[24-05 17:09][DEBUG][NOTICE] at C:\xampp\htdocs\fd\resources\php\userdata\userdataAccess.php(2)
</S-trace>
</S-error>
<S-error>
<S-msg>
     
     test
</S-msg>
<S-trace>
[24-05 17:09][DEBUG][NOTICE] at C:\xampp\htdocs\fd\resources\php\CORE.php(9)
[24-05 17:09][DEBUG][NOTICE] at C:\xampp\htdocs\fd\resources\php\userdata\login\login.php(7)
[24-05 17:09][DEBUG][NOTICE] at C:\xampp\htdocs\fd\resources\php\userdata\login\loginAccess.php(2)
</S-trace>
</S-error>
<S-error>
<S-msg>
     
     test
</S-msg>
<S-trace>
[24-05 17:09][DEBUG][NOTICE] at C:\xampp\htdocs\fd\resources\php\CORE.php(9)
[24-05 17:09][DEBUG][NOTICE] at C:\xampp\htdocs\fd\resources\php\userdata\userdata.php(3)
[24-05 17:09][DEBUG][NOTICE] at C:\xampp\htdocs\fd\resources\php\userdata\userdataAccess.php(2)
</S-trace>
</S-error>
<S-error>
<S-msg>
     
     test
</S-msg>
<S-trace>
[24-05 17:09][DEBUG][NOTICE] at C:\xampp\htdocs\fd\resources\php\CORE.php(9)
[24-05 17:09][DEBUG][NOTICE] at C:\xampp\htdocs\fd\resources\php\userdata\login\login.php(7)
[24-05 17:09][DEBUG][NOTICE] at C:\xampp\htdocs\fd\resources\php\userdata\login\loginAccess.php(2)
</S-trace>
</S-error>
<S-error>
<S-msg>
     
     test
</S-msg>
<S-trace>
[24-05 17:10][DEBUG][NOTICE] at C:\xampp\htdocs\fd\resources\php\CORE.php(9)
[24-05 17:10][DEBUG][NOTICE] at C:\xampp\htdocs\fd\resources\php\userdata\userdata.php(3)
[24-05 17:10][DEBUG][NOTICE] at C:\xampp\htdocs\fd\resources\php\userdata\userdataAccess.php(2)
</S-trace>
</S-error>
<S-error>
<S-msg>
     
     test
</S-msg>
<S-trace>
[24-05 17:10][DEBUG][NOTICE] at C:\xampp\htdocs\fd\resources\php\CORE.php(9)
[24-05 17:10][DEBUG][NOTICE] at C:\xampp\htdocs\fd\resources\php\userdata\login\login.php(7)
[24-05 17:10][DEBUG][NOTICE] at C:\xampp\htdocs\fd\resources\php\userdata\login\loginAccess.php(2)
</S-trace>
</S-error>
<S-error>
<S-msg>
     
     test
</S-msg>
<S-trace>
[24-05 17:10][DEBUG][NOTICE] at C:\xampp\htdocs\fd\resources\php\CORE.php(9)
[24-05 17:10][DEBUG][NOTICE] at C:\xampp\htdocs\fd\resources\php\userdata\userdata.php(3)
[24-05 17:10][DEBUG][NOTICE] at C:\xampp\htdocs\fd\resources\php\userdata\userdataAccess.php(2)
</S-trace>
</S-error>
<S-error>
<S-msg>
     
     test
</S-msg>
<S-trace>
[24-05 17:10][DEBUG][NOTICE] at C:\xampp\htdocs\fd\resources\php\CORE.php(9)
[24-05 17:10][DEBUG][NOTICE] at C:\xampp\htdocs\fd\resources\php\userdata\login\login.php(7)
[24-05 17:10][DEBUG][NOTICE] at C:\xampp\htdocs\fd\resources\php\userdata\login\loginAccess.php(2)
</S-trace>
</S-error>
<S-error>
<S-msg>
     
     test
</S-msg>
<S-trace>
[24-05 17:11][DEBUG][NOTICE] at C:\xampp\htdocs\fd\resources\php\CORE.php(9)
[24-05 17:11][DEBUG][NOTICE] at C:\xampp\htdocs\fd\resources\php\userdata\userdata.php(3)
[24-05 17:11][DEBUG][NOTICE] at C:\xampp\htdocs\fd\resources\php\userdata\userdataAccess.php(2)
</S-trace>
</S-error>
<S-error>
<S-msg>
     
     test
</S-msg>
<S-trace>
[24-05 17:11][DEBUG][NOTICE] at C:\xampp\htdocs\fd\resources\php\CORE.php(9)
[24-05 17:11][DEBUG][NOTICE] at C:\xampp\htdocs\fd\resources\php\userdata\login\login.php(7)
[24-05 17:11][DEBUG][NOTICE] at C:\xampp\htdocs\fd\resources\php\userdata\login\loginAccess.php(2)
</S-trace>
</S-error>
<S-error>
<S-msg>
     
     test
</S-msg>
<S-trace>
[24-05 17:11][DEBUG][NOTICE] at C:\xampp\htdocs\fd\resources\php\CORE.php(9)
[24-05 17:11][DEBUG][NOTICE] at C:\xampp\htdocs\fd\resources\php\userdata\userdata.php(3)
[24-05 17:11][DEBUG][NOTICE] at C:\xampp\htdocs\fd\resources\php\userdata\userdataAccess.php(2)
</S-trace>
</S-error>
<S-error>
<S-msg>
     
     test
</S-msg>
<S-trace>
[24-05 17:11][DEBUG][NOTICE] at C:\xampp\htdocs\fd\resources\php\CORE.php(9)
[24-05 17:11][DEBUG][NOTICE] at C:\xampp\htdocs\fd\resources\php\userdata\login\login.php(7)
[24-05 17:11][DEBUG][NOTICE] at C:\xampp\htdocs\fd\resources\php\userdata\login\loginAccess.php(2)
</S-trace>
</S-error>
<S-error>
<S-msg>
     
     test
</S-msg>
<S-trace>
[24-05 17:11][DEBUG][NOTICE] at C:\xampp\htdocs\fd\resources\php\CORE.php(9)
[24-05 17:11][DEBUG][NOTICE] at C:\xampp\htdocs\fd\resources\php\userdata\userdata.php(3)
[24-05 17:11][DEBUG][NOTICE] at C:\xampp\htdocs\fd\resources\php\userdata\userdataAccess.php(2)
</S-trace>
</S-error>
<S-error>
<S-msg>
     
     test
</S-msg>
<S-trace>
[24-05 17:11][DEBUG][NOTICE] at C:\xampp\htdocs\fd\resources\php\CORE.php(9)
[24-05 17:11][DEBUG][NOTICE] at C:\xampp\htdocs\fd\resources\php\userdata\login\login.php(7)
[24-05 17:11][DEBUG][NOTICE] at C:\xampp\htdocs\fd\resources\php\userdata\login\loginAccess.php(2)
</S-trace>
</S-error>
<S-error>
<S-msg>
     
     test
</S-msg>
<S-trace>
[24-05 17:11][DEBUG][NOTICE] at C:\xampp\htdocs\fd\resources\php\CORE.php(9)
[24-05 17:11][DEBUG][NOTICE] at C:\xampp\htdocs\fd\resources\php\userdata\userdata.php(3)
[24-05 17:11][DEBUG][NOTICE] at C:\xampp\htdocs\fd\resources\php\userdata\userdataAccess.php(2)
</S-trace>
</S-error>
<S-error>
<S-msg>
     
     test
</S-msg>
<S-trace>
[24-05 17:11][DEBUG][NOTICE] at C:\xampp\htdocs\fd\resources\php\CORE.php(9)
[24-05 17:11][DEBUG][NOTICE] at C:\xampp\htdocs\fd\resources\php\userdata\login\login.php(7)
[24-05 17:11][DEBUG][NOTICE] at C:\xampp\htdocs\fd\resources\php\userdata\login\loginAccess.php(2)
</S-trace>
</S-error>
<S-error>
<S-msg>
     
     test
</S-msg>
<S-trace>
[24-05 17:12][DEBUG][NOTICE] at C:\xampp\htdocs\fd\resources\php\CORE.php(9)
[24-05 17:12][DEBUG][NOTICE] at C:\xampp\htdocs\fd\resources\php\userdata\userdata.php(3)
[24-05 17:12][DEBUG][NOTICE] at C:\xampp\htdocs\fd\resources\php\userdata\userdataAccess.php(2)
</S-trace>
</S-error>
<S-error>
<S-msg>
     
     test
</S-msg>
<S-trace>
[24-05 17:12][DEBUG][NOTICE] at C:\xampp\htdocs\fd\resources\php\CORE.php(9)
[24-05 17:12][DEBUG][NOTICE] at C:\xampp\htdocs\fd\resources\php\userdata\login\login.php(7)
[24-05 17:12][DEBUG][NOTICE] at C:\xampp\htdocs\fd\resources\php\userdata\login\loginAccess.php(2)
</S-trace>
</S-error>
<S-error>
<S-msg>
     
     test
</S-msg>
<S-trace>
[24-05 17:13][DEBUG][NOTICE] at C:\xampp\htdocs\fd\resources\php\CORE.php(9)
[24-05 17:13][DEBUG][NOTICE] at C:\xampp\htdocs\fd\resources\php\userdata\userdata.php(3)
[24-05 17:13][DEBUG][NOTICE] at C:\xampp\htdocs\fd\resources\php\userdata\userdataAccess.php(2)
</S-trace>
</S-error>
<S-error>
<S-msg>
     
     test
</S-msg>
<S-trace>
[24-05 17:13][DEBUG][NOTICE] at C:\xampp\htdocs\fd\resources\php\CORE.php(9)
[24-05 17:13][DEBUG][NOTICE] at C:\xampp\htdocs\fd\resources\php\userdata\login\login.php(7)
[24-05 17:13][DEBUG][NOTICE] at C:\xampp\htdocs\fd\resources\php\userdata\login\loginAccess.php(2)
</S-trace>
</S-error>
<S-error>
<S-msg>
     
     test
</S-msg>
<S-trace>
[24-05 17:13][DEBUG][NOTICE] at C:\xampp\htdocs\fd\resources\php\CORE.php(9)
[24-05 17:13][DEBUG][NOTICE] at C:\xampp\htdocs\fd\resources\php\userdata\userdata.php(3)
[24-05 17:13][DEBUG][NOTICE] at C:\xampp\htdocs\fd\resources\php\userdata\userdataAccess.php(2)
</S-trace>
</S-error>
<S-error>
<S-msg>
     
     test
</S-msg>
<S-trace>
[24-05 17:13][DEBUG][NOTICE] at C:\xampp\htdocs\fd\resources\php\CORE.php(9)
[24-05 17:13][DEBUG][NOTICE] at C:\xampp\htdocs\fd\resources\php\userdata\login\login.php(7)
[24-05 17:13][DEBUG][NOTICE] at C:\xampp\htdocs\fd\resources\php\userdata\login\loginAccess.php(2)
</S-trace>
</S-error>
<S-error>
<S-msg>
     
     test
</S-msg>
<S-trace>
[24-05 17:13][DEBUG][NOTICE] at C:\xampp\htdocs\fd\resources\php\CORE.php(9)
[24-05 17:13][DEBUG][NOTICE] at C:\xampp\htdocs\fd\resources\php\userdata\userdata.php(3)
[24-05 17:13][DEBUG][NOTICE] at C:\xampp\htdocs\fd\resources\php\userdata\userdataAccess.php(2)
</S-trace>
</S-error>
<S-error>
<S-msg>
     
     test
</S-msg>
<S-trace>
[24-05 17:13][DEBUG][NOTICE] at C:\xampp\htdocs\fd\resources\php\CORE.php(9)
[24-05 17:13][DEBUG][NOTICE] at C:\xampp\htdocs\fd\resources\php\userdata\login\login.php(7)
[24-05 17:13][DEBUG][NOTICE] at C:\xampp\htdocs\fd\resources\php\userdata\login\loginAccess.php(2)
</S-trace>
</S-error>
<S-error>
<S-msg>
     
     test
</S-msg>
<S-trace>
[24-05 17:13][DEBUG][NOTICE] at C:\xampp\htdocs\fd\resources\php\CORE.php(9)
[24-05 17:13][DEBUG][NOTICE] at C:\xampp\htdocs\fd\resources\php\userdata\userdata.php(3)
[24-05 17:13][DEBUG][NOTICE] at C:\xampp\htdocs\fd\resources\php\userdata\userdataAccess.php(2)
</S-trace>
</S-error>
<S-error>
<S-msg>
     
     test
</S-msg>
<S-trace>
[24-05 17:13][DEBUG][NOTICE] at C:\xampp\htdocs\fd\resources\php\CORE.php(9)
[24-05 17:13][DEBUG][NOTICE] at C:\xampp\htdocs\fd\resources\php\userdata\login\login.php(7)
[24-05 17:13][DEBUG][NOTICE] at C:\xampp\htdocs\fd\resources\php\userdata\login\loginAccess.php(2)
</S-trace>
</S-error>
<S-error>
<S-msg>
     
     test
</S-msg>
<S-trace>
[24-05 17:13][DEBUG][NOTICE] at C:\xampp\htdocs\fd\resources\php\CORE.php(9)
[24-05 17:13][DEBUG][NOTICE] at C:\xampp\htdocs\fd\resources\php\userdata\userdata.php(3)
[24-05 17:13][DEBUG][NOTICE] at C:\xampp\htdocs\fd\resources\php\userdata\userdataAccess.php(2)
</S-trace>
</S-error>
<S-error>
<S-msg>
     
     test
</S-msg>
<S-trace>
[24-05 17:13][DEBUG][NOTICE] at C:\xampp\htdocs\fd\resources\php\CORE.php(9)
[24-05 17:13][DEBUG][NOTICE] at C:\xampp\htdocs\fd\resources\php\userdata\login\login.php(7)
[24-05 17:13][DEBUG][NOTICE] at C:\xampp\htdocs\fd\resources\php\userdata\login\loginAccess.php(2)
</S-trace>
</S-error>
<S-error>
<S-msg>
     
     test
</S-msg>
<S-trace>
[24-05 17:13][DEBUG][NOTICE] at C:\xampp\htdocs\fd\resources\php\CORE.php(9)
[24-05 17:13][DEBUG][NOTICE] at C:\xampp\htdocs\fd\resources\php\userdata\userdata.php(3)
[24-05 17:13][DEBUG][NOTICE] at C:\xampp\htdocs\fd\resources\php\userdata\userdataAccess.php(2)
</S-trace>
</S-error>
<S-error>
<S-msg>
     
     test
</S-msg>
<S-trace>
[24-05 17:13][DEBUG][NOTICE] at C:\xampp\htdocs\fd\resources\php\CORE.php(9)
[24-05 17:13][DEBUG][NOTICE] at C:\xampp\htdocs\fd\resources\php\userdata\login\login.php(7)
[24-05 17:13][DEBUG][NOTICE] at C:\xampp\htdocs\fd\resources\php\userdata\login\loginAccess.php(2)
</S-trace>
</S-error>
<S-error>
<S-msg>
     
     test
</S-msg>
<S-trace>
[24-05 17:14][DEBUG][NOTICE] at C:\xampp\htdocs\fd\resources\php\CORE.php(9)
[24-05 17:14][DEBUG][NOTICE] at C:\xampp\htdocs\fd\resources\php\userdata\userdata.php(3)
[24-05 17:14][DEBUG][NOTICE] at C:\xampp\htdocs\fd\resources\php\userdata\userdataAccess.php(2)
</S-trace>
</S-error>
<S-error>
<S-msg>
     
     test
</S-msg>
<S-trace>
[24-05 17:14][DEBUG][NOTICE] at C:\xampp\htdocs\fd\resources\php\CORE.php(9)
[24-05 17:14][DEBUG][NOTICE] at C:\xampp\htdocs\fd\resources\php\userdata\login\login.php(7)
[24-05 17:14][DEBUG][NOTICE] at C:\xampp\htdocs\fd\resources\php\userdata\login\loginAccess.php(2)
</S-trace>
</S-error>
<S-error>
<S-msg>
     
     test
</S-msg>
<S-trace>
[24-05 17:14][DEBUG][NOTICE] at C:\xampp\htdocs\fd\resources\php\CORE.php(9)
[24-05 17:14][DEBUG][NOTICE] at C:\xampp\htdocs\fd\resources\php\userdata\userdata.php(3)
[24-05 17:14][DEBUG][NOTICE] at C:\xampp\htdocs\fd\resources\php\userdata\userdataAccess.php(2)
</S-trace>
</S-error>
<S-error>
<S-msg>
     
     test
</S-msg>
<S-trace>
[24-05 17:14][DEBUG][NOTICE] at C:\xampp\htdocs\fd\resources\php\CORE.php(9)
[24-05 17:14][DEBUG][NOTICE] at C:\xampp\htdocs\fd\resources\php\userdata\login\login.php(7)
[24-05 17:14][DEBUG][NOTICE] at C:\xampp\htdocs\fd\resources\php\userdata\login\loginAccess.php(2)
</S-trace>
</S-error>
<S-error>
<S-msg>
     
     test
</S-msg>
<S-trace>
[24-05 17:14][DEBUG][NOTICE] at C:\xampp\htdocs\fd\resources\php\CORE.php(9)
[24-05 17:14][DEBUG][NOTICE] at C:\xampp\htdocs\fd\resources\php\userdata\userdata.php(3)
[24-05 17:14][DEBUG][NOTICE] at C:\xampp\htdocs\fd\resources\php\userdata\userdataAccess.php(2)
</S-trace>
</S-error>
<S-error>
<S-msg>
     
     test
</S-msg>
<S-trace>
[24-05 17:14][DEBUG][NOTICE] at C:\xampp\htdocs\fd\resources\php\CORE.php(9)
[24-05 17:14][DEBUG][NOTICE] at C:\xampp\htdocs\fd\resources\php\userdata\login\login.php(7)
[24-05 17:14][DEBUG][NOTICE] at C:\xampp\htdocs\fd\resources\php\userdata\login\loginAccess.php(2)
</S-trace>
</S-error>
<S-error>
<S-msg>
     
     test
</S-msg>
<S-trace>
[24-05 17:14][DEBUG][NOTICE] at C:\xampp\htdocs\fd\resources\php\CORE.php(9)
[24-05 17:14][DEBUG][NOTICE] at C:\xampp\htdocs\fd\resources\php\userdata\userdata.php(3)
[24-05 17:14][DEBUG][NOTICE] at C:\xampp\htdocs\fd\resources\php\userdata\userdataAccess.php(2)
</S-trace>
</S-error>
<S-error>
<S-msg>
     
     test
</S-msg>
<S-trace>
[24-05 17:14][DEBUG][NOTICE] at C:\xampp\htdocs\fd\resources\php\CORE.php(9)
[24-05 17:14][DEBUG][NOTICE] at C:\xampp\htdocs\fd\resources\php\userdata\login\login.php(7)
[24-05 17:14][DEBUG][NOTICE] at C:\xampp\htdocs\fd\resources\php\userdata\login\loginAccess.php(2)
</S-trace>
</S-error>
<S-error>
<S-msg>
     
     test
</S-msg>
<S-trace>
[24-05 17:15][DEBUG][NOTICE] at C:\xampp\htdocs\fd\resources\php\CORE.php(9)
[24-05 17:15][DEBUG][NOTICE] at C:\xampp\htdocs\fd\resources\php\userdata\userdata.php(3)
[24-05 17:15][DEBUG][NOTICE] at C:\xampp\htdocs\fd\resources\php\userdata\userdataAccess.php(2)
</S-trace>
</S-error>
<S-error>
<S-msg>
     
     test
</S-msg>
<S-trace>
[24-05 17:15][DEBUG][NOTICE] at C:\xampp\htdocs\fd\resources\php\CORE.php(9)
[24-05 17:15][DEBUG][NOTICE] at C:\xampp\htdocs\fd\resources\php\userdata\login\login.php(7)
[24-05 17:15][DEBUG][NOTICE] at C:\xampp\htdocs\fd\resources\php\userdata\login\loginAccess.php(2)
</S-trace>
</S-error>
<S-error>
<S-msg>
     
     test
</S-msg>
<S-trace>
[24-05 17:16][DEBUG][NOTICE] at C:\xampp\htdocs\fd\resources\php\CORE.php(9)
[24-05 17:16][DEBUG][NOTICE] at C:\xampp\htdocs\fd\resources\php\userdata\userdata.php(3)
[24-05 17:16][DEBUG][NOTICE] at C:\xampp\htdocs\fd\resources\php\userdata\userdataAccess.php(2)
</S-trace>
</S-error>
<S-error>
<S-msg>
     
     test
</S-msg>
<S-trace>
[24-05 17:16][DEBUG][NOTICE] at C:\xampp\htdocs\fd\resources\php\CORE.php(9)
[24-05 17:16][DEBUG][NOTICE] at C:\xampp\htdocs\fd\resources\php\userdata\login\login.php(7)
[24-05 17:16][DEBUG][NOTICE] at C:\xampp\htdocs\fd\resources\php\userdata\login\loginAccess.php(2)
</S-trace>
</S-error>
<S-error>
<S-msg>
     
     test
</S-msg>
<S-trace>
[24-05 17:16][DEBUG][NOTICE] at C:\xampp\htdocs\fd\resources\php\CORE.php(9)
[24-05 17:16][DEBUG][NOTICE] at C:\xampp\htdocs\fd\resources\php\userdata\userdata.php(3)
[24-05 17:16][DEBUG][NOTICE] at C:\xampp\htdocs\fd\resources\php\userdata\userdataAccess.php(2)
</S-trace>
</S-error>
<S-error>
<S-msg>
     
     test
</S-msg>
<S-trace>
[24-05 17:16][DEBUG][NOTICE] at C:\xampp\htdocs\fd\resources\php\CORE.php(9)
[24-05 17:16][DEBUG][NOTICE] at C:\xampp\htdocs\fd\resources\php\userdata\login\login.php(7)
[24-05 17:16][DEBUG][NOTICE] at C:\xampp\htdocs\fd\resources\php\userdata\login\loginAccess.php(2)
</S-trace>
</S-error>
<S-error>
<S-msg>
     
     test
</S-msg>
<S-trace>
[24-05 17:17][DEBUG][NOTICE] at C:\xampp\htdocs\fd\resources\php\CORE.php(9)
[24-05 17:17][DEBUG][NOTICE] at C:\xampp\htdocs\fd\resources\php\userdata\userdata.php(3)
[24-05 17:17][DEBUG][NOTICE] at C:\xampp\htdocs\fd\resources\php\userdata\userdataAccess.php(2)
</S-trace>
</S-error>
<S-error>
<S-msg>
     
     test
</S-msg>
<S-trace>
[24-05 17:17][DEBUG][NOTICE] at C:\xampp\htdocs\fd\resources\php\CORE.php(9)
[24-05 17:17][DEBUG][NOTICE] at C:\xampp\htdocs\fd\resources\php\userdata\login\login.php(7)
[24-05 17:17][DEBUG][NOTICE] at C:\xampp\htdocs\fd\resources\php\userdata\login\loginAccess.php(2)
</S-trace>
</S-error>
<S-error>
<S-msg>
     
     test
</S-msg>
<S-trace>
[24-05 17:17][DEBUG][NOTICE] at C:\xampp\htdocs\fd\resources\php\CORE.php(9)
[24-05 17:17][DEBUG][NOTICE] at C:\xampp\htdocs\fd\resources\php\userdata\userdata.php(3)
[24-05 17:17][DEBUG][NOTICE] at C:\xampp\htdocs\fd\resources\php\userdata\userdataAccess.php(2)
</S-trace>
</S-error>
<S-error>
<S-msg>
     
     test
</S-msg>
<S-trace>
[24-05 17:17][DEBUG][NOTICE] at C:\xampp\htdocs\fd\resources\php\CORE.php(9)
[24-05 17:17][DEBUG][NOTICE] at C:\xampp\htdocs\fd\resources\php\userdata\login\login.php(7)
[24-05 17:17][DEBUG][NOTICE] at C:\xampp\htdocs\fd\resources\php\userdata\login\loginAccess.php(2)
</S-trace>
</S-error>
<S-error>
<S-msg>
     
     test
</S-msg>
<S-trace>
[24-05 17:17][DEBUG][NOTICE] at C:\xampp\htdocs\fd\resources\php\CORE.php(9)
[24-05 17:17][DEBUG][NOTICE] at C:\xampp\htdocs\fd\resources\php\userdata\userdata.php(3)
[24-05 17:17][DEBUG][NOTICE] at C:\xampp\htdocs\fd\resources\php\userdata\userdataAccess.php(2)
</S-trace>
</S-error>
<S-error>
<S-msg>
     
     test
</S-msg>
<S-trace>
[24-05 17:17][DEBUG][NOTICE] at C:\xampp\htdocs\fd\resources\php\CORE.php(9)
[24-05 17:17][DEBUG][NOTICE] at C:\xampp\htdocs\fd\resources\php\userdata\login\login.php(7)
[24-05 17:17][DEBUG][NOTICE] at C:\xampp\htdocs\fd\resources\php\userdata\login\loginAccess.php(2)
</S-trace>
</S-error>
<S-error>
<S-msg>
     
     test
</S-msg>
<S-trace>
[24-05 17:18][DEBUG][NOTICE] at C:\xampp\htdocs\fd\resources\php\CORE.php(9)
[24-05 17:18][DEBUG][NOTICE] at C:\xampp\htdocs\fd\resources\php\userdata\userdata.php(3)
[24-05 17:18][DEBUG][NOTICE] at C:\xampp\htdocs\fd\resources\php\userdata\userdataAccess.php(2)
</S-trace>
</S-error>
<S-error>
<S-msg>
     
     test
</S-msg>
<S-trace>
[24-05 17:18][DEBUG][NOTICE] at C:\xampp\htdocs\fd\resources\php\CORE.php(9)
[24-05 17:18][DEBUG][NOTICE] at C:\xampp\htdocs\fd\resources\php\userdata\login\login.php(7)
[24-05 17:18][DEBUG][NOTICE] at C:\xampp\htdocs\fd\resources\php\userdata\login\loginAccess.php(2)
</S-trace>
</S-error>
<S-error>
<S-msg>
     
     test
</S-msg>
<S-trace>
[24-05 17:18][DEBUG][NOTICE] at C:\xampp\htdocs\fd\resources\php\CORE.php(9)
[24-05 17:18][DEBUG][NOTICE] at C:\xampp\htdocs\fd\resources\php\userdata\userdata.php(3)
[24-05 17:18][DEBUG][NOTICE] at C:\xampp\htdocs\fd\resources\php\userdata\userdataAccess.php(2)
</S-trace>
</S-error>
<S-error>
<S-msg>
     
     test
</S-msg>
<S-trace>
[24-05 17:18][DEBUG][NOTICE] at C:\xampp\htdocs\fd\resources\php\CORE.php(9)
[24-05 17:18][DEBUG][NOTICE] at C:\xampp\htdocs\fd\resources\php\userdata\login\login.php(7)
[24-05 17:18][DEBUG][NOTICE] at C:\xampp\htdocs\fd\resources\php\userdata\login\loginAccess.php(2)
</S-trace>
</S-error>
<S-error>
<S-msg>
     
     test
</S-msg>
<S-trace>
[24-05 17:18][DEBUG][NOTICE] at C:\xampp\htdocs\fd\resources\php\CORE.php(9)
[24-05 17:18][DEBUG][NOTICE] at C:\xampp\htdocs\fd\resources\php\userdata\userdata.php(3)
[24-05 17:18][DEBUG][NOTICE] at C:\xampp\htdocs\fd\resources\php\userdata\userdataAccess.php(2)
</S-trace>
</S-error>
<S-error>
<S-msg>
     
     test
</S-msg>
<S-trace>
[24-05 17:18][DEBUG][NOTICE] at C:\xampp\htdocs\fd\resources\php\CORE.php(9)
[24-05 17:18][DEBUG][NOTICE] at C:\xampp\htdocs\fd\resources\php\userdata\login\login.php(7)
[24-05 17:18][DEBUG][NOTICE] at C:\xampp\htdocs\fd\resources\php\userdata\login\loginAccess.php(2)
</S-trace>
</S-error>
<S-error>
<S-msg>
     
     test
</S-msg>
<S-trace>
[24-05 17:18][DEBUG][NOTICE] at C:\xampp\htdocs\fd\resources\php\CORE.php(9)
[24-05 17:18][DEBUG][NOTICE] at C:\xampp\htdocs\fd\resources\php\userdata\userdata.php(3)
[24-05 17:18][DEBUG][NOTICE] at C:\xampp\htdocs\fd\resources\php\userdata\userdataAccess.php(2)
</S-trace>
</S-error>
<S-error>
<S-msg>
     
     test
</S-msg>
<S-trace>
[24-05 17:18][DEBUG][NOTICE] at C:\xampp\htdocs\fd\resources\php\CORE.php(9)
[24-05 17:18][DEBUG][NOTICE] at C:\xampp\htdocs\fd\resources\php\userdata\login\login.php(7)
[24-05 17:18][DEBUG][NOTICE] at C:\xampp\htdocs\fd\resources\php\userdata\login\loginAccess.php(2)
</S-trace>
</S-error>
<S-error>
<S-msg>
     
     test
</S-msg>
<S-trace>
[24-05 17:18][DEBUG][NOTICE] at C:\xampp\htdocs\fd\resources\php\CORE.php(9)
[24-05 17:18][DEBUG][NOTICE] at C:\xampp\htdocs\fd\resources\php\userdata\userdata.php(3)
[24-05 17:18][DEBUG][NOTICE] at C:\xampp\htdocs\fd\resources\php\userdata\userdataAccess.php(2)
</S-trace>
</S-error>
<S-error>
<S-msg>
     
     test
</S-msg>
<S-trace>
[24-05 17:18][DEBUG][NOTICE] at C:\xampp\htdocs\fd\resources\php\CORE.php(9)
[24-05 17:18][DEBUG][NOTICE] at C:\xampp\htdocs\fd\resources\php\userdata\login\login.php(7)
[24-05 17:18][DEBUG][NOTICE] at C:\xampp\htdocs\fd\resources\php\userdata\login\loginAccess.php(2)
</S-trace>
</S-error>
<S-error>
<S-msg>
     
     test
</S-msg>
<S-trace>
[24-05 17:18][DEBUG][NOTICE] at C:\xampp\htdocs\fd\resources\php\CORE.php(9)
[24-05 17:18][DEBUG][NOTICE] at C:\xampp\htdocs\fd\resources\php\userdata\userdata.php(3)
[24-05 17:18][DEBUG][NOTICE] at C:\xampp\htdocs\fd\resources\php\userdata\userdataAccess.php(2)
</S-trace>
</S-error>
<S-error>
<S-msg>
     
     test
</S-msg>
<S-trace>
[24-05 17:18][DEBUG][NOTICE] at C:\xampp\htdocs\fd\resources\php\CORE.php(9)
[24-05 17:18][DEBUG][NOTICE] at C:\xampp\htdocs\fd\resources\php\userdata\login\login.php(7)
[24-05 17:18][DEBUG][NOTICE] at C:\xampp\htdocs\fd\resources\php\userdata\login\loginAccess.php(2)
</S-trace>
</S-error>
<S-error>
<S-msg>
     
     test
</S-msg>
<S-trace>
[24-05 17:19][DEBUG][NOTICE] at C:\xampp\htdocs\fd\resources\php\CORE.php(9)
[24-05 17:19][DEBUG][NOTICE] at C:\xampp\htdocs\fd\resources\php\userdata\userdata.php(3)
[24-05 17:19][DEBUG][NOTICE] at C:\xampp\htdocs\fd\resources\php\userdata\userdataAccess.php(2)
</S-trace>
</S-error>
<S-error>
<S-msg>
     
     test
</S-msg>
<S-trace>
[24-05 17:19][DEBUG][NOTICE] at C:\xampp\htdocs\fd\resources\php\CORE.php(9)
[24-05 17:19][DEBUG][NOTICE] at C:\xampp\htdocs\fd\resources\php\userdata\login\login.php(7)
[24-05 17:19][DEBUG][NOTICE] at C:\xampp\htdocs\fd\resources\php\userdata\login\loginAccess.php(2)
</S-trace>
</S-error>
<S-error>
<S-msg>
     
     test
</S-msg>
<S-trace>
[24-05 17:19][DEBUG][NOTICE] at C:\xampp\htdocs\fd\resources\php\CORE.php(9)
[24-05 17:19][DEBUG][NOTICE] at C:\xampp\htdocs\fd\resources\php\userdata\userdata.php(3)
[24-05 17:19][DEBUG][NOTICE] at C:\xampp\htdocs\fd\resources\php\userdata\userdataAccess.php(2)
</S-trace>
</S-error>
<S-error>
<S-msg>
     
     test
</S-msg>
<S-trace>
[24-05 17:19][DEBUG][NOTICE] at C:\xampp\htdocs\fd\resources\php\CORE.php(9)
[24-05 17:19][DEBUG][NOTICE] at C:\xampp\htdocs\fd\resources\php\userdata\login\login.php(7)
[24-05 17:19][DEBUG][NOTICE] at C:\xampp\htdocs\fd\resources\php\userdata\login\loginAccess.php(2)
</S-trace>
</S-error>
<S-error>
<S-msg>
     
     test
</S-msg>
<S-trace>
[24-05 17:19][DEBUG][NOTICE] at C:\xampp\htdocs\fd\resources\php\CORE.php(9)
[24-05 17:19][DEBUG][NOTICE] at C:\xampp\htdocs\fd\resources\php\userdata\userdata.php(3)
[24-05 17:19][DEBUG][NOTICE] at C:\xampp\htdocs\fd\resources\php\userdata\userdataAccess.php(2)
</S-trace>
</S-error>
<S-error>
<S-msg>
     
     test
</S-msg>
<S-trace>
[24-05 17:19][DEBUG][NOTICE] at C:\xampp\htdocs\fd\resources\php\CORE.php(9)
[24-05 17:19][DEBUG][NOTICE] at C:\xampp\htdocs\fd\resources\php\userdata\login\login.php(7)
[24-05 17:19][DEBUG][NOTICE] at C:\xampp\htdocs\fd\resources\php\userdata\login\loginAccess.php(2)
</S-trace>
</S-error>
<S-error>
<S-msg>
     
     test
</S-msg>
<S-trace>
[24-05 17:19][DEBUG][NOTICE] at C:\xampp\htdocs\fd\resources\php\CORE.php(9)
[24-05 17:19][DEBUG][NOTICE] at C:\xampp\htdocs\fd\resources\php\userdata\userdata.php(3)
[24-05 17:19][DEBUG][NOTICE] at C:\xampp\htdocs\fd\resources\php\userdata\userdataAccess.php(2)
</S-trace>
</S-error>
<S-error>
<S-msg>
     
     test
</S-msg>
<S-trace>
[24-05 17:19][DEBUG][NOTICE] at C:\xampp\htdocs\fd\resources\php\CORE.php(9)
[24-05 17:19][DEBUG][NOTICE] at C:\xampp\htdocs\fd\resources\php\userdata\login\login.php(7)
[24-05 17:19][DEBUG][NOTICE] at C:\xampp\htdocs\fd\resources\php\userdata\login\loginAccess.php(2)
</S-trace>
</S-error>
<S-error>
<S-msg>
     
     test
</S-msg>
<S-trace>
[24-05 17:19][DEBUG][NOTICE] at C:\xampp\htdocs\fd\resources\php\CORE.php(9)
[24-05 17:19][DEBUG][NOTICE] at C:\xampp\htdocs\fd\resources\php\userdata\userdata.php(3)
[24-05 17:19][DEBUG][NOTICE] at C:\xampp\htdocs\fd\resources\php\userdata\userdataAccess.php(2)
</S-trace>
</S-error>
<S-error>
<S-msg>
     
     test
</S-msg>
<S-trace>
[24-05 17:19][DEBUG][NOTICE] at C:\xampp\htdocs\fd\resources\php\CORE.php(9)
[24-05 17:19][DEBUG][NOTICE] at C:\xampp\htdocs\fd\resources\php\userdata\login\login.php(7)
[24-05 17:19][DEBUG][NOTICE] at C:\xampp\htdocs\fd\resources\php\userdata\login\loginAccess.php(2)
</S-trace>
</S-error>
<S-error>
<S-msg>
     
     test
</S-msg>
<S-trace>
[24-05 17:20][DEBUG][NOTICE] at C:\xampp\htdocs\fd\resources\php\CORE.php(9)
[24-05 17:20][DEBUG][NOTICE] at C:\xampp\htdocs\fd\resources\php\userdata\userdata.php(3)
[24-05 17:20][DEBUG][NOTICE] at C:\xampp\htdocs\fd\resources\php\userdata\userdataAccess.php(2)
</S-trace>
</S-error>
<S-error>
<S-msg>
     
     test
</S-msg>
<S-trace>
[24-05 17:20][DEBUG][NOTICE] at C:\xampp\htdocs\fd\resources\php\CORE.php(9)
[24-05 17:20][DEBUG][NOTICE] at C:\xampp\htdocs\fd\resources\php\userdata\login\login.php(7)
[24-05 17:20][DEBUG][NOTICE] at C:\xampp\htdocs\fd\resources\php\userdata\login\loginAccess.php(2)
</S-trace>
</S-error>
