	<S-error>
<S-msg>
     
     mysqli::query(): (42000/1064): You have an error in your SQL syntax; check the manual that corresponds to your MariaDB server version for the right syntax to use near '+84 (ImageID VARCHAR(10), ImageName VARCHAR(40), ImagePosX INTEGER(255), Imag...' at line 1
</S-msg>
<S-type>ERROR</S-type>
<S-trace>
> C:\xampp\htdocs\Splint\php\DataBase\DataBase.php:20
> C:\xampp\htdocs\fd\resources\php\converter\image\image.php:304
> C:\xampp\htdocs\fd\resources\php\converter\image\image.php:91
> C:\xampp\htdocs\fd\resources\php\converter\DSController.php:18
> C:\xampp\htdocs\fd\resources\php\converter\converterAccess.php:11
</S-trace>
<S-time>2023-07-13 00:51:53</S-time></S-error>
<S-error>
<S-msg>
     
     mysqli::query(): (42000/1064): You have an error in your SQL syntax; check the manual that corresponds to your MariaDB server version for the right syntax to use near '+84' at line 1
</S-msg>
<S-type>ERROR</S-type>
<S-trace>
> C:\xampp\htdocs\Splint\php\DataBase\DataBase.php:29
> C:\xampp\htdocs\fd\resources\php\converter\image\image.php:306
> C:\xampp\htdocs\fd\resources\php\converter\image\image.php:91
> C:\xampp\htdocs\fd\resources\php\converter\DSController.php:18
> C:\xampp\htdocs\fd\resources\php\converter\converterAccess.php:11
</S-trace>
<S-time>2023-07-13 00:51:53</S-time></S-error>
<S-error>
<S-msg>
     
     mysqli::query(): (42000/1064): You have an error in your SQL syntax; check the manual that corresponds to your MariaDB server version for the right syntax to use near '+84 (TextID VARCHAR(40), TextName VARCHAR(40), TextValue VARCHAR(255), TextPo...' at line 1
</S-msg>
<S-type>ERROR</S-type>
<S-trace>
> C:\xampp\htdocs\Splint\php\DataBase\DataBase.php:20
> C:\xampp\htdocs\fd\resources\php\converter\text\text.php:277
> C:\xampp\htdocs\fd\resources\php\converter\text\text.php:59
> C:\xampp\htdocs\fd\resources\php\converter\DSController.php:19
> C:\xampp\htdocs\fd\resources\php\converter\converterAccess.php:11
</S-trace>
<S-time>2023-07-13 00:51:53</S-time></S-error>
<S-error>
<S-msg>
     
     mysqli::query(): (42000/1064): You have an error in your SQL syntax; check the manual that corresponds to your MariaDB server version for the right syntax to use near '+84' at line 1
</S-msg>
<S-type>ERROR</S-type>
<S-trace>
> C:\xampp\htdocs\Splint\php\DataBase\DataBase.php:29
> C:\xampp\htdocs\fd\resources\php\converter\text\text.php:279
> C:\xampp\htdocs\fd\resources\php\converter\text\text.php:59
> C:\xampp\htdocs\fd\resources\php\converter\DSController.php:19
> C:\xampp\htdocs\fd\resources\php\converter\converterAccess.php:11
</S-trace>
<S-time>2023-07-13 00:51:53</S-time></S-error>
<S-error>
<S-msg>
     
     mysqli::query(): (42000/1064): You have an error in your SQL syntax; check the manual that corresponds to your MariaDB server version for the right syntax to use near '+84 (ImageID VARCHAR(10), ImageName VARCHAR(40), ImagePosX INTEGER(255), Imag...' at line 1
</S-msg>
<S-type>ERROR</S-type>
<S-trace>
> C:\xampp\htdocs\Splint\php\DataBase\DataBase.php:20
> C:\xampp\htdocs\fd\resources\php\converter\image\image.php:304
> C:\xampp\htdocs\fd\resources\php\converter\image\image.php:91
> C:\xampp\htdocs\fd\resources\php\converter\DSController.php:18
> C:\xampp\htdocs\fd\resources\php\converter\converterAccess.php:11
</S-trace>
<S-time>2023-07-13 00:51:56</S-time></S-error>
<S-error>
<S-msg>
     
     mysqli::query(): (42000/1064): You have an error in your SQL syntax; check the manual that corresponds to your MariaDB server version for the right syntax to use near '+84' at line 1
</S-msg>
<S-type>ERROR</S-type>
<S-trace>
> C:\xampp\htdocs\Splint\php\DataBase\DataBase.php:29
> C:\xampp\htdocs\fd\resources\php\converter\image\image.php:306
> C:\xampp\htdocs\fd\resources\php\converter\image\image.php:91
> C:\xampp\htdocs\fd\resources\php\converter\DSController.php:18
> C:\xampp\htdocs\fd\resources\php\converter\converterAccess.php:11
</S-trace>
<S-time>2023-07-13 00:51:56</S-time></S-error>
<S-error>
<S-msg>
     
     mysqli::query(): (42000/1064): You have an error in your SQL syntax; check the manual that corresponds to your MariaDB server version for the right syntax to use near '+84 (TextID VARCHAR(40), TextName VARCHAR(40), TextValue VARCHAR(255), TextPo...' at line 1
</S-msg>
<S-type>ERROR</S-type>
<S-trace>
> C:\xampp\htdocs\Splint\php\DataBase\DataBase.php:20
> C:\xampp\htdocs\fd\resources\php\converter\text\text.php:277
> C:\xampp\htdocs\fd\resources\php\converter\text\text.php:59
> C:\xampp\htdocs\fd\resources\php\converter\DSController.php:19
> C:\xampp\htdocs\fd\resources\php\converter\converterAccess.php:11
</S-trace>
<S-time>2023-07-13 00:51:56</S-time></S-error>
<S-error>
<S-msg>
     
     mysqli::query(): (42000/1064): You have an error in your SQL syntax; check the manual that corresponds to your MariaDB server version for the right syntax to use near '+84' at line 1
</S-msg>
<S-type>ERROR</S-type>
<S-trace>
> C:\xampp\htdocs\Splint\php\DataBase\DataBase.php:29
> C:\xampp\htdocs\fd\resources\php\converter\text\text.php:279
> C:\xampp\htdocs\fd\resources\php\converter\text\text.php:59
> C:\xampp\htdocs\fd\resources\php\converter\DSController.php:19
> C:\xampp\htdocs\fd\resources\php\converter\converterAccess.php:11
</S-trace>
<S-time>2023-07-13 00:51:56</S-time></S-error>
<S-error>
<S-msg>
     
     mysqli::query(): (42000/1064): You have an error in your SQL syntax; check the manual that corresponds to your MariaDB server version for the right syntax to use near '+84 (TextID VARCHAR(40), TextName VARCHAR(40), TextValue VARCHAR(255), TextPo...' at line 1
</S-msg>
<S-type>ERROR</S-type>
<S-trace>
> C:\xampp\htdocs\Splint\php\DataBase\DataBase.php:20
> C:\xampp\htdocs\fd\resources\php\converter\text\text.php:301
> C:\xampp\htdocs\fd\resources\php\project\project.php:228
> C:\xampp\htdocs\fd\resources\php\project\projectAccess.php:6
</S-trace>
<S-time>2023-07-13 00:52:16</S-time></S-error>
<S-error>
<S-msg>
     
     mysqli::query(): (42000/1064): You have an error in your SQL syntax; check the manual that corresponds to your MariaDB server version for the right syntax to use near '+84' at line 1
</S-msg>
<S-type>ERROR</S-type>
<S-trace>
> C:\xampp\htdocs\Splint\php\DataBase\DataBase.php:62
> C:\xampp\htdocs\fd\resources\php\converter\text\text.php:303
> C:\xampp\htdocs\fd\resources\php\project\project.php:228
> C:\xampp\htdocs\fd\resources\php\project\projectAccess.php:6
</S-trace>
<S-time>2023-07-13 00:52:16</S-time></S-error>
<S-error>
<S-msg>
     
     mysqli::query(): (42000/1064): You have an error in your SQL syntax; check the manual that corresponds to your MariaDB server version for the right syntax to use near '+84 (ImageID VARCHAR(10), ImageName VARCHAR(40), ImagePosX INTEGER(255), Imag...' at line 1
</S-msg>
<S-type>ERROR</S-type>
<S-trace>
> C:\xampp\htdocs\Splint\php\DataBase\DataBase.php:20
> C:\xampp\htdocs\fd\resources\php\converter\image\image.php:328
> C:\xampp\htdocs\fd\resources\php\project\project.php:232
> C:\xampp\htdocs\fd\resources\php\project\projectAccess.php:6
</S-trace>
<S-time>2023-07-13 00:52:16</S-time></S-error>
<S-error>
<S-msg>
     
     mysqli::query(): (42000/1064): You have an error in your SQL syntax; check the manual that corresponds to your MariaDB server version for the right syntax to use near '+84' at line 1
</S-msg>
<S-type>ERROR</S-type>
<S-trace>
> C:\xampp\htdocs\Splint\php\DataBase\DataBase.php:62
> C:\xampp\htdocs\fd\resources\php\converter\image\image.php:330
> C:\xampp\htdocs\fd\resources\php\project\project.php:232
> C:\xampp\htdocs\fd\resources\php\project\projectAccess.php:6
</S-trace>
<S-time>2023-07-13 00:52:16</S-time></S-error>
