<S-error>
<S-msg>
     
     mysqli::query(): (42S02/1146): Table 'projects_archive.projects_fd4edc9d19' doesn't exist
</S-msg>
<S-trace>
 at [ERROR](C:\xampp\htdocs\Splint\php\DataBase\DataBase.php)56
 at [ERROR](C:\xampp\htdocs\fd\resources\php\project\projectArchive.php)87
 at [ERROR](C:\xampp\htdocs\fd\resources\php\project\project.php)347
 at [ERROR](C:\xampp\htdocs\fd\resources\php\order\order.php)81
 at [ERROR](C:\xampp\htdocs\fd\resources\php\order\orderAccess.php)11
</S-trace>
<S-time>2023-06-04 11:26:41</S-time></S-error>
<S-error>
<S-msg>
     
     copy(C:/xampp/htdocs/fd/data/Orders/66a40a4978): Failed to open stream: No such file or directory
</S-msg>
<S-trace>
 at [ERROR](C:\xampp\htdocs\Splint\php\Tools\FileTools.php)94
 at [ERROR](C:\xampp\htdocs\fd\resources\php\order\order.php)87
 at [ERROR](C:\xampp\htdocs\fd\resources\php\order\orderAccess.php)11
</S-trace>
<S-time>2023-06-04 11:26:41</S-time></S-error>
<S-error>
<S-msg>
     
     mysqli::query(): (42S02/1146): Table 'projects_archive.projects_fd4edc9d19' doesn't exist
</S-msg>
<S-trace>
 at [ERROR](C:\xampp\htdocs\Splint\php\DataBase\DataBase.php)56
 at [ERROR](C:\xampp\htdocs\fd\resources\php\project\projectArchive.php)87
 at [ERROR](C:\xampp\htdocs\fd\resources\php\project\project.php)347
 at [ERROR](C:\xampp\htdocs\fd\resources\php\order\order.php)81
 at [ERROR](C:\xampp\htdocs\fd\resources\php\order\orderAccess.php)11
</S-trace>
<S-time>2023-06-04 11:31:35</S-time></S-error>
<S-error>
<S-msg>
     
     copy(C:/xampp/htdocs/fd/data/Orders/66a40a4978): Failed to open stream: No such file or directory
</S-msg>
<S-trace>
 at [ERROR](C:\xampp\htdocs\Splint\php\Tools\FileTools.php)94
 at [ERROR](C:\xampp\htdocs\fd\resources\php\order\order.php)87
 at [ERROR](C:\xampp\htdocs\fd\resources\php\order\orderAccess.php)11
</S-trace>
<S-time>2023-06-04 11:31:35</S-time></S-error>
<S-error>
<S-msg>
     
     mysqli::query(): (42S02/1146): Table 'projects_archive.projects_fd4edc9d19' doesn't exist
</S-msg>
<S-trace>
 at [ERROR](C:\xampp\htdocs\Splint\php\DataBase\DataBase.php)56
 at [ERROR](C:\xampp\htdocs\fd\resources\php\project\projectArchive.php)88
 at [ERROR](C:\xampp\htdocs\fd\resources\php\project\project.php)347
 at [ERROR](C:\xampp\htdocs\fd\resources\php\order\order.php)81
 at [ERROR](C:\xampp\htdocs\fd\resources\php\order\orderAccess.php)11
</S-trace>
<S-time>2023-06-04 11:34:23</S-time></S-error>
<S-error>
<S-msg>
     
     copy(C:/xampp/htdocs/fd/data/Orders/66a40a4978): Failed to open stream: No such file or directory
</S-msg>
<S-trace>
 at [ERROR](C:\xampp\htdocs\Splint\php\Tools\FileTools.php)94
 at [ERROR](C:\xampp\htdocs\fd\resources\php\order\order.php)87
 at [ERROR](C:\xampp\htdocs\fd\resources\php\order\orderAccess.php)11
</S-trace>
<S-time>2023-06-04 11:34:23</S-time></S-error>
<S-error>
<S-msg>
     
     mysqli::query(): (42S02/1146): Table 'projects_archive.projects_fd4edc9d19' doesn't exist
</S-msg>
<S-trace>
 at [ERROR](C:\xampp\htdocs\Splint\php\DataBase\DataBase.php)56
 at [ERROR](C:\xampp\htdocs\fd\resources\php\project\projectArchive.php)88
 at [ERROR](C:\xampp\htdocs\fd\resources\php\project\project.php)347
 at [ERROR](C:\xampp\htdocs\fd\resources\php\order\order.php)81
 at [ERROR](C:\xampp\htdocs\fd\resources\php\order\orderAccess.php)11
</S-trace>
<S-time>2023-06-04 11:37:32</S-time></S-error>
<S-error>
<S-msg>
     
     copy(C:/xampp/htdocs/fd/data/Orders/66a40a4978): Failed to open stream: No such file or directory
</S-msg>
<S-trace>
 at [ERROR](C:\xampp\htdocs\Splint\php\Tools\FileTools.php)94
 at [ERROR](C:\xampp\htdocs\fd\resources\php\order\order.php)87
 at [ERROR](C:\xampp\htdocs\fd\resources\php\order\orderAccess.php)11
</S-trace>
<S-time>2023-06-04 11:37:32</S-time></S-error>
<S-error>
<S-msg>
     
     mysqli::query(): (42S02/1146): Table 'projects_archive.projects_fd4edc9d19' doesn't exist
</S-msg>
<S-trace>
 at [ERROR](C:\xampp\htdocs\Splint\php\DataBase\DataBase.php)56
 at [ERROR](C:\xampp\htdocs\fd\resources\php\project\projectArchive.php)89
 at [ERROR](C:\xampp\htdocs\fd\resources\php\project\project.php)347
 at [ERROR](C:\xampp\htdocs\fd\resources\php\order\order.php)81
 at [ERROR](C:\xampp\htdocs\fd\resources\php\order\orderAccess.php)11
</S-trace>
<S-time>2023-06-04 11:38:34</S-time></S-error>
<S-error>
<S-msg>
     
     copy(C:/xampp/htdocs/fd/data/Orders/66a40a4978): Failed to open stream: No such file or directory
</S-msg>
<S-trace>
 at [ERROR](C:\xampp\htdocs\Splint\php\Tools\FileTools.php)94
 at [ERROR](C:\xampp\htdocs\fd\resources\php\order\order.php)87
 at [ERROR](C:\xampp\htdocs\fd\resources\php\order\orderAccess.php)11
</S-trace>
<S-time>2023-06-04 11:38:34</S-time></S-error>
<S-error>
<S-msg>
     
     mysqli::query(): (42S02/1146): Table 'projects_archive.projects_fd4edc9d19' doesn't exist
</S-msg>
<S-trace>
 at [ERROR](C:\xampp\htdocs\Splint\php\DataBase\DataBase.php)56
 at [ERROR](C:\xampp\htdocs\fd\resources\php\project\projectArchive.php)89
 at [ERROR](C:\xampp\htdocs\fd\resources\php\project\project.php)347
 at [ERROR](C:\xampp\htdocs\fd\resources\php\order\order.php)81
 at [ERROR](C:\xampp\htdocs\fd\resources\php\order\orderAccess.php)11
</S-trace>
<S-time>2023-06-04 11:41:11</S-time></S-error>
<S-error>
<S-msg>
     
     copy(C:/xampp/htdocs/fd/data/Orders/66a40a4978): Failed to open stream: No such file or directory
</S-msg>
<S-trace>
 at [ERROR](C:\xampp\htdocs\Splint\php\Tools\FileTools.php)94
 at [ERROR](C:\xampp\htdocs\fd\resources\php\order\order.php)87
 at [ERROR](C:\xampp\htdocs\fd\resources\php\order\orderAccess.php)11
</S-trace>
<S-time>2023-06-04 11:41:11</S-time></S-error>
<S-error>
<S-msg>
     
     mysqli::query(): (42S02/1146): Table 'projects_archive.projects_fd4edc9d19' doesn't exist
</S-msg>
<S-trace>
 at [ERROR](C:\xampp\htdocs\Splint\php\DataBase\DataBase.php)56
 at [ERROR](C:\xampp\htdocs\fd\resources\php\project\projectArchive.php)89
 at [ERROR](C:\xampp\htdocs\fd\resources\php\project\project.php)347
 at [ERROR](C:\xampp\htdocs\fd\resources\php\order\order.php)81
 at [ERROR](C:\xampp\htdocs\fd\resources\php\order\orderAccess.php)11
</S-trace>
<S-time>2023-06-04 11:42:17</S-time></S-error>
<S-error>
<S-msg>
     
     copy(C:/xampp/htdocs/fd/data/Orders/66a40a4978): Failed to open stream: No such file or directory
</S-msg>
<S-trace>
 at [ERROR](C:\xampp\htdocs\Splint\php\Tools\FileTools.php)94
 at [ERROR](C:\xampp\htdocs\fd\resources\php\order\order.php)87
 at [ERROR](C:\xampp\htdocs\fd\resources\php\order\orderAccess.php)11
</S-trace>
<S-time>2023-06-04 11:42:18</S-time></S-error>
<S-error>
<S-msg>
     
     Undefined array key "value"
</S-msg>
<S-trace>
 at [ERROR](C:\xampp\htdocs\Splint\php\DataManagement\sessions\sessionsAccess.php)7
</S-trace>
<S-time>2023-06-04 13:04:59</S-time></S-error>
<S-error>
<S-msg>
     
     Undefined array key "value"
</S-msg>
<S-trace>
 at [ERROR](C:\xampp\htdocs\Splint\php\DataManagement\sessions\sessionsAccess.php)7
</S-trace>
<S-time>2023-06-04 13:05:16</S-time></S-error>
<S-error>
<S-msg>
     
     Undefined array key "value"
</S-msg>
<S-trace>
 at [ERROR](C:\xampp\htdocs\Splint\php\DataManagement\sessions\sessionsAccess.php)7
</S-trace>
<S-time>2023-06-04 13:05:43</S-time></S-error>
<S-error>
<S-msg>
     
     copy(C:/xampp/htdocs/fd/data/Users/fd4edc9d19/projects/d11280e796/thumbnail.png): Failed to open stream: No such file or directory
</S-msg>
<S-trace>
 at [ERROR](C:\xampp\htdocs\Splint\php\Tools\Path.php)197
 at [ERROR](C:\xampp\htdocs\fd\resources\php\project\project.php)165
 at [ERROR](C:\xampp\htdocs\fd\resources\php\project\projectAccess.php)12
</S-trace>
<S-time>2023-06-04 13:40:54</S-time></S-error>
<S-error>
<S-msg>
     
     copy(C:/xampp/htdocs/fd/data/Users/fd4edc9d19/projects/0b0d5ea5cd/thumbnail.png): Failed to open stream: No such file or directory
</S-msg>
<S-trace>
 at [ERROR](C:\xampp\htdocs\Splint\php\Tools\Path.php)197
 at [ERROR](C:\xampp\htdocs\fd\resources\php\project\project.php)165
 at [ERROR](C:\xampp\htdocs\fd\resources\php\project\projectAccess.php)12
</S-trace>
<S-time>2023-06-04 13:41:06</S-time></S-error>
[04-Jun-2023 15:33:22 Europe/Berlin] PHP Fatal error:  Uncaught ImagickException: ImproperImageHeader `C:/xampp/htdocs/fd/data/Users/fd4edc9d19/projects/4c00e068a8/texts/Text_f66f0e2f2b.png' @ error/png.c/ReadPNGImage/4298 in C:\xampp\htdocs\fd\resources\php\converter\text\text.php:116
Stack trace:
#0 C:\xampp\htdocs\fd\resources\php\converter\text\text.php(116): Imagick->readImage('C:/xampp/htdocs...')
#1 C:\xampp\htdocs\fd\resources\php\project\project.php(170): Text::getTextImg('f66f0e2f2b', '4c00e068a8', 'fd4edc9d19')
#2 C:\xampp\htdocs\fd\resources\php\project\projectAccess.php(12): Project::copy('4c00e068a8', 'fd4edc9d19', '48110d259f', 'fd4edc9d19')
#3 {main}
  thrown in C:\xampp\htdocs\fd\resources\php\converter\text\text.php on line 116
[04-Jun-2023 15:33:22 Europe/Berlin] PHP Fatal error:  Uncaught TypeError: PATHS::buildPath(): Argument #7 must be of type string, null given, called in C:\xampp\htdocs\fd\resources\php\Paths.php on line 152 and defined in C:\xampp\htdocs\fd\resources\php\Paths.php:41
Stack trace:
#0 C:\xampp\htdocs\fd\resources\php\Paths.php(152): PATHS::buildPath('C:/xampp/htdocs', 'fd', 'data', 'Users', 'fd4edc9d19', 'projects', NULL)
#1 C:\xampp\htdocs\fd\resources\php\converter\text\text.php(95): PATH_Project::get('Text_N', NULL, 'fd4edc9d19', 'f66f0e2f2b')
#2 C:\xampp\htdocs\fd\resources\php\converter\text\text.php(131): Text::saveTextImg('data:,', 'f66f0e2f2b', false, 'fd4edc9d19')
#3 C:\xampp\htdocs\fd\resources\php\converter\text\textAccess.php(6): Text::edit()
#4 {main}
  thrown in C:\xampp\htdocs\fd\resources\php\Paths.php on line 41
[04-Jun-2023 16:49:49 Europe/Berlin] PHP Fatal error:  Uncaught TypeError: PATHS::buildPath(): Argument #7 must be of type string, null given, called in C:\xampp\htdocs\fd\resources\php\Paths.php on line 152 and defined in C:\xampp\htdocs\fd\resources\php\Paths.php:41
Stack trace:
#0 C:\xampp\htdocs\fd\resources\php\Paths.php(152): PATHS::buildPath('C:/xampp/htdocs', 'fd', 'data', 'Users', 'fd4edc9d19', 'projects', NULL)
#1 C:\xampp\htdocs\fd\resources\php\converter\image\image.php(176): PATH_Project::get(NULL, NULL, 'fd4edc9d19', 'fd55a6edf5')
#2 C:\xampp\htdocs\fd\resources\php\upload\upload.php(35): saveSingleProjectImage('fd55a6edf5', 'Image_Scale', Object(Imagick))
#3 C:\xampp\htdocs\fd\resources\php\upload\uploadAccess.php(5): Upload::Unsplash_img()
#4 {main}
  thrown in C:\xampp\htdocs\fd\resources\php\Paths.php on line 41
[04-Jun-2023 17:46:27 Europe/Berlin] PHP Fatal error:  Uncaught Error: Class "collector\Debugger" not found in C:\xampp\htdocs\fd\resources\php\collector\collectorUserData.php:68
Stack trace:
#0 C:\xampp\htdocs\fd\resources\php\collector\collectorAccess.php(13): collector\collectorUserData::edit()
#1 {main}
  thrown in C:\xampp\htdocs\fd\resources\php\collector\collectorUserData.php on line 68
